# JRE version: Java(TM) SE Runtime Environment (15.0.2+7) (build 15.0.2+7-27)
# Java VM: Java HotSpot(TM) 64-Bit Server VM (15.0.2+7-27, mixed mode, sharing, tiered, compressed oops, g1 gc, windows-amd64)
GC Precious Log:
 CPUs: 8 total, 8 available
 Memory: 8074M
 Large Page Support: Disabled
 NUMA Support: Disabled
 Compressed Oops: Enabled (32-bit)
 Heap Region Size: 1M
 Heap Min Capacity: 8M
 Heap Initial Capacity: 128M
 Heap Max Capacity: 2020M
 Pre-touch: Disabled
 Parallel Workers: 8
 Concurrent Workers: 2
 Concurrent Refinement Workers: 8
 Periodic GC: Disabled
Heap:
 garbage-first heap   total 71680K, used 67429K [0x0000000081c00000, 0x0000000100000000)
  region size 1024K, 9 young (9216K), 5 survivors (5120K)
 Metaspace       used 13836K, capacity 14222K, committed 14464K, reserved 1062912K
  class space    used 1838K, capacity 1914K, committed 1920K, reserved 1048576K
GC Heap History (8 events):
Event: 0.784 GC heap before
{Heap before GC invocations=0 (full 0):
 garbage-first heap   total 131072K, used 22528K [0x0000000081c00000, 0x0000000100000000)
  region size 1024K, 23 young (23552K), 0 survivors (0K)
 Metaspace       used 5843K, capacity 8782K, committed 9088K, reserved 1056768K
  class space    used 761K, capacity 1049K, committed 1152K, reserved 1048576K
}
Event: 0.787 GC heap after
{Heap after GC invocations=1 (full 0):
 garbage-first heap   total 131072K, used 2868K [0x0000000081c00000, 0x0000000100000000)
  region size 1024K, 3 young (3072K), 3 survivors (3072K)
 Metaspace       used 5843K, capacity 8782K, committed 9088K, reserved 1056768K
  class space    used 761K, capacity 1049K, committed 1152K, reserved 1048576K
}
Event: 1.371 GC heap before
{Heap before GC invocations=1 (full 0):
 garbage-first heap   total 131072K, used 34612K [0x0000000081c00000, 0x0000000100000000)
  region size 1024K, 34 young (34816K), 3 survivors (3072K)
 Metaspace       used 12471K, capacity 13043K, committed 13312K, reserved 1060864K
  class space    used 1684K, capacity 1777K, committed 1792K, reserved 1048576K
}
Event: 1.377 GC heap after
{Heap after GC invocations=2 (full 0):
 garbage-first heap   total 131072K, used 6638K [0x0000000081c00000, 0x0000000100000000)
  region size 1024K, 4 young (4096K), 4 survivors (4096K)
 Metaspace       used 12471K, capacity 13043K, committed 13312K, reserved 1060864K
  class space    used 1684K, capacity 1777K, committed 1792K, reserved 1048576K
}
Event: 1.691 GC heap before
{Heap before GC invocations=2 (full 0):
 garbage-first heap   total 131072K, used 68078K [0x0000000081c00000, 0x0000000100000000)
  region size 1024K, 12 young (12288K), 4 survivors (4096K)
 Metaspace       used 13463K, capacity 13910K, committed 14208K, reserved 1060864K
  class space    used 1798K, capacity 1874K, committed 1920K, reserved 1048576K
}
Event: 1.694 GC heap after
{Heap after GC invocations=3 (full 0):
 garbage-first heap   total 131072K, used 11805K [0x0000000081c00000, 0x0000000100000000)
  region size 1024K, 4 young (4096K), 4 survivors (4096K)
 Metaspace       used 13463K, capacity 13910K, committed 14208K, reserved 1060864K
  class space    used 1798K, capacity 1874K, committed 1920K, reserved 1048576K
}
Event: 1.803 GC heap before
{Heap before GC invocations=4 (full 0):
 garbage-first heap   total 58368K, used 33309K [0x0000000081c00000, 0x0000000100000000)
  region size 1024K, 8 young (8192K), 4 survivors (4096K)
 Metaspace       used 13486K, capacity 13910K, committed 14208K, reserved 1060864K
  class space    used 1798K, capacity 1874K, committed 1920K, reserved 1048576K
}
Event: 1.807 GC heap after
{Heap after GC invocations=5 (full 0):
 garbage-first heap   total 58368K, used 12133K [0x0000000081c00000, 0x0000000100000000)
  region size 1024K, 5 young (5120K), 5 survivors (5120K)
 Metaspace       used 13486K, capacity 13910K, committed 14208K, reserved 1060864K
  class space    used 1798K, capacity 1874K, committed 1920K, reserved 1048576K
}

